<?xml version="1.0" encoding="UTF-8"?>
<!-- Generated by org.testng.reporters.JUnitXMLReporter -->
<testsuite ignored="2" hostname="DESKTOP-A8A5IUM" failures="0" tests="1" name="Default test" time="32.593" errors="0" timestamp="2025-05-27T22:22:45 IST">
  <testcase classname="com.ui.tests.LoginTest" name="loginExcelTest" time="2.77"/>
  <testcase classname="com.ui.tests.LoginTest" name="login" time="0.0">
    <ignored/>
  </testcase> <!-- login -->
  <testcase classname="com.ui.tests.LoginTest" name="loginCSVTest" time="0.0">
    <ignored/>
  </testcase> <!-- loginCSVTest -->
</testsuite> <!-- Default test -->
